TN:
SF:lib/index.js
FN:5,babelPluginReactNative
FN:13,(anonymous_1)
FN:20,(anonymous_2)
FN:28,(anonymous_3)
FNF:4
FNH:4
FNDA:3,babelPluginReactNative
FNDA:3,(anonymous_1)
FNDA:4,(anonymous_2)
FNDA:3,(anonymous_3)
DA:5,1
DA:6,3
DA:8,3
DA:14,3
DA:15,3
DA:16,3
DA:17,0
DA:20,3
DA:21,4
DA:22,0
DA:25,4
DA:26,3
DA:29,3
DA:33,3
DA:34,3
DA:41,3
DA:48,3
DA:51,1
DA:54,3
DA:55,2
LF:20
LH:18
BRDA:10,0,0,0
BRDA:10,0,1,3
BRDA:15,1,0,0
BRDA:15,1,1,3
BRDA:16,2,0,0
BRDA:16,2,1,3
BRDA:21,3,0,0
BRDA:21,3,1,4
BRDA:25,4,0,3
BRDA:25,4,1,1
BRDA:29,5,0,3
BRDA:29,5,1,0
BRDA:30,6,0,3
BRDA:30,6,1,3
BRDA:34,7,0,3
BRDA:34,7,1,0
BRDA:35,8,0,3
BRDA:35,8,1,3
BRDA:35,8,2,3
BRDA:35,8,3,3
BRDA:54,9,0,2
BRDA:54,9,1,1
BRF:22
BRH:16
end_of_record
TN:
SF:lib/__tests_fixtures__/import-as.js
FNF:0
FNH:0
DA:3,1
DA:13,1
LF:2
LH:2
BRF:0
BRH:0
end_of_record
TN:
SF:lib/__tests_fixtures__/import-with-other-named.js
FNF:0
FNH:0
DA:3,1
DA:13,1
LF:2
LH:2
BRF:0
BRH:0
end_of_record
TN:
SF:lib/__tests_fixtures__/simple-if.js
FNF:0
FNH:0
DA:3,1
DA:13,1
LF:2
LH:2
BRF:0
BRH:0
end_of_record
