TN:
SF:lib/index.js
FN:5,babelPluginReactNative
FN:13,(anonymous_1)
FN:20,(anonymous_2)
FN:31,(anonymous_3)
FN:61,(anonymous_4)
FNF:5
FNH:5
FNDA:6,babelPluginReactNative
FNDA:8,(anonymous_1)
FNDA:6,(anonymous_2)
FNDA:5,(anonymous_3)
FNDA:1,(anonymous_4)
DA:5,1
DA:6,6
DA:8,6
DA:14,8
DA:15,8
DA:16,5
DA:17,0
DA:20,5
DA:21,6
DA:22,0
DA:25,6
DA:26,5
DA:28,4
DA:30,4
DA:31,4
DA:32,5
DA:36,5
DA:37,5
DA:44,4
DA:47,4
DA:50,1
DA:53,4
DA:57,2
DA:59,1
DA:60,1
DA:61,1
DA:62,1
DA:68,1
DA:73,1
DA:75,1
DA:79,1
DA:82,1
DA:86,0
DA:89,1
DA:92,1
DA:95,5
DA:96,3
LF:37
LH:34
BRDA:10,0,0,0
BRDA:10,0,1,6
BRDA:15,1,0,3
BRDA:15,1,1,5
BRDA:16,2,0,0
BRDA:16,2,1,5
BRDA:21,3,0,0
BRDA:21,3,1,6
BRDA:25,4,0,5
BRDA:25,4,1,1
BRDA:26,5,0,4
BRDA:26,5,1,1
BRDA:32,6,0,5
BRDA:32,6,1,0
BRDA:33,7,0,5
BRDA:33,7,1,5
BRDA:37,8,0,4
BRDA:37,8,1,1
BRDA:38,9,0,5
BRDA:38,9,1,5
BRDA:38,9,2,5
BRDA:38,9,3,5
BRDA:57,10,0,1
BRDA:57,10,1,1
BRDA:62,11,0,1
BRDA:62,11,1,0
BRDA:63,12,0,1
BRDA:63,12,1,1
BRDA:63,12,2,1
BRDA:63,12,3,1
BRDA:68,13,0,1
BRDA:68,13,1,0
BRDA:69,14,0,1
BRDA:69,14,1,1
BRDA:75,15,0,1
BRDA:75,15,1,0
BRDA:76,16,0,1
BRDA:76,16,1,1
BRDA:95,17,0,3
BRDA:95,17,1,2
BRF:40
BRH:33
end_of_record
TN:
SF:lib/__tests_fixtures__/import-as.js
FNF:0
FNH:0
DA:3,1
DA:13,1
LF:2
LH:2
BRF:0
BRH:0
end_of_record
TN:
SF:lib/__tests_fixtures__/import-namespace.js
FNF:0
FNH:0
DA:3,1
DA:13,1
LF:2
LH:2
BRF:0
BRH:0
end_of_record
TN:
SF:lib/__tests_fixtures__/import-with-other-named.js
FNF:0
FNH:0
DA:3,1
DA:12,1
LF:2
LH:2
BRF:0
BRH:0
end_of_record
TN:
SF:lib/__tests_fixtures__/other-imports.js
FNF:0
FNH:0
DA:3,1
DA:5,1
DA:11,1
LF:3
LH:3
BRF:0
BRH:0
end_of_record
TN:
SF:lib/__tests_fixtures__/simple-if.js
FNF:0
FNH:0
DA:3,1
DA:13,1
LF:2
LH:2
BRF:0
BRH:0
end_of_record
TN:
SF:lib/__tests_fixtures__/simple-used-for-something-else.js
FNF:0
FNH:0
DA:3,1
DA:13,1
LF:2
LH:2
BRF:0
BRH:0
end_of_record
